<?xml version="1.0" encoding="UTF-8"?>
<!-- Generated by org.testng.reporters.JUnitReportReporter -->
<testsuite hostname="DESKTOP-LGUVR7P" failures="0" tests="3" name="com.TestNGParametersDemo.AnnotationsDemo" time="0.016" errors="0" timestamp="2021-10-20T17:09:42 IST" skipped="0">
  <testcase classname="com.TestNGParametersDemo.AnnotationsDemo" name="f" time="0.009"/>
  <system-out/>
  <testcase classname="com.TestNGParametersDemo.AnnotationsDemo" name="m1" time="0.003"/>
  <system-out/>
  <testcase classname="com.TestNGParametersDemo.AnnotationsDemo" name="f" time="0.004"/>
  <system-out/>
</testsuite> <!-- com.TestNGParametersDemo.AnnotationsDemo -->
