<?xml version="1.0" encoding="UTF-8"?>
<!-- Generated by org.testng.reporters.JUnitReportReporter -->
<testsuite hostname="DESKTOP-LGUVR7P" failures="0" tests="1" name="crossBrowsing.crossbrowsingTest" time="12.326" errors="0" timestamp="2021-10-24T13:37:00 IST" skipped="0">
  <testcase classname="crossBrowsing.crossbrowsingTest" name="search" time="12.326"/>
  <system-out/>
</testsuite> <!-- crossBrowsing.crossbrowsingTest -->
