<?xml version="1.0" encoding="UTF-8"?>
<!-- Generated by org.testng.reporters.JUnitReportReporter -->
<testsuite hostname="DESKTOP-LGUVR7P" failures="0" tests="11" name="com.TestngAllParameters.AllParametersDemo" time="0.054" errors="0" timestamp="2021-10-21T14:50:00 IST" skipped="1">
  <testcase classname="com.TestngAllParameters.AllParametersDemo" name="m2" time="0.023"/>
  <system-out/>
  <testcase classname="com.TestngAllParameters.AllParametersDemo" name="m6" time="0.003"/>
  <system-out/>
  <testcase classname="com.TestngAllParameters.AllParametersDemo" name="m3" time="0.003"/>
  <system-out/>
  <testcase classname="com.TestngAllParameters.AllParametersDemo" name="m7" time="0.004"/>
  <system-out/>
  <testcase classname="com.TestngAllParameters.AllParametersDemo" name="m8" time="0.004"/>
  <system-out/>
  <testcase classname="com.TestngAllParameters.AllParametersDemo" name="m8" time="0.003"/>
  <system-out/>
  <testcase classname="com.TestngAllParameters.AllParametersDemo" name="m8" time="0.003"/>
  <system-out/>
  <testcase classname="com.TestngAllParameters.AllParametersDemo" name="m5" time="0.002"/>
  <system-out/>
  <testcase classname="com.TestngAllParameters.AllParametersDemo" name="m5" time="0.004"/>
  <system-out/>
  <testcase classname="com.TestngAllParameters.AllParametersDemo" name="m4" time="0.005"/>
  <system-out/>
  <testcase classname="com.TestngAllParameters.AllParametersDemo" name="m1">
    <skipped/>
  </testcase> <!-- m1 -->
  <system-out/>
</testsuite> <!-- com.TestngAllParameters.AllParametersDemo -->
