<?xml version="1.0" encoding="UTF-8"?>
<!-- Generated by org.testng.reporters.JUnitReportReporter -->
<testsuite hostname="DESKTOP-LGUVR7P" failures="0" tests="2" name="dataProviderdemo.TestDataProvider" time="0.018" errors="0" timestamp="2021-10-20T17:54:13 IST" skipped="0">
  <testcase classname="dataProviderdemo.TestDataProvider" name="m7" time="0.003"/>
  <system-out/>
  <testcase classname="dataProviderdemo.TestDataProvider" name="m6" time="0.015"/>
  <system-out/>
</testsuite> <!-- dataProviderdemo.TestDataProvider -->
