<?xml version="1.0" encoding="UTF-8"?>
<!-- Generated by org.testng.reporters.JUnitReportReporter -->
<testsuite hostname="DESKTOP-LGUVR7P" failures="0" tests="2" name="com.TestngAllParameters.GrouupDemo" time="0.017" errors="0" timestamp="2021-10-20T17:55:54 IST" skipped="0">
  <testcase classname="com.TestngAllParameters.GrouupDemo" name="m7" time="0.002"/>
  <system-out/>
  <testcase classname="com.TestngAllParameters.GrouupDemo" name="m6" time="0.015"/>
  <system-out/>
</testsuite> <!-- com.TestngAllParameters.GrouupDemo -->
